<?xml version="1.0" encoding="UTF-8"?>
<testsuite xmlns:xsi="http://www.w3.org/2001/XMLSchema-instance" xsi:noNamespaceSchemaLocation="https://maven.apache.org/surefire/maven-surefire-plugin/xsd/surefire-test-report.xsd" name="com.example.blog.BlogApplicationTests" time="7.602" tests="1" errors="0" skipped="0" failures="0">
  <properties>
    <property name="java.specification.version" value="15"/>
    <property name="sun.cpu.isalist" value="amd64"/>
    <property name="sun.jnu.encoding" value="GBK"/>
    <property name="java.class.path" value="D:\Blog\springmvcblog\springbootbackend\target\test-classes;D:\Blog\springmvcblog\springbootbackend\target\classes;D:\Programming Tools\Maven\maven-repository\mysql\mysql-connector-java\8.0.11\mysql-connector-java-8.0.11.jar;D:\Programming Tools\Maven\maven-repository\org\springframework\boot\spring-boot-starter-data-jpa\2.4.2\spring-boot-starter-data-jpa-2.4.2.jar;D:\Programming Tools\Maven\maven-repository\org\springframework\boot\spring-boot-starter-aop\2.4.2\spring-boot-starter-aop-2.4.2.jar;D:\Programming Tools\Maven\maven-repository\org\springframework\spring-aop\5.3.3\spring-aop-5.3.3.jar;D:\Programming Tools\Maven\maven-repository\org\aspectj\aspectjweaver\1.9.6\aspectjweaver-1.9.6.jar;D:\Programming Tools\Maven\maven-repository\org\springframework\boot\spring-boot-starter-jdbc\2.4.2\spring-boot-starter-jdbc-2.4.2.jar;D:\Programming Tools\Maven\maven-repository\com\zaxxer\HikariCP\3.4.5\HikariCP-3.4.5.jar;D:\Programming Tools\Maven\maven-repository\org\springframework\spring-jdbc\5.3.3\spring-jdbc-5.3.3.jar;D:\Programming Tools\Maven\maven-repository\jakarta\transaction\jakarta.transaction-api\1.3.3\jakarta.transaction-api-1.3.3.jar;D:\Programming Tools\Maven\maven-repository\jakarta\persistence\jakarta.persistence-api\2.2.3\jakarta.persistence-api-2.2.3.jar;D:\Programming Tools\Maven\maven-repository\org\hibernate\hibernate-core\5.4.27.Final\hibernate-core-5.4.27.Final.jar;D:\Programming Tools\Maven\maven-repository\org\jboss\logging\jboss-logging\3.4.1.Final\jboss-logging-3.4.1.Final.jar;D:\Programming Tools\Maven\maven-repository\org\javassist\javassist\3.27.0-GA\javassist-3.27.0-GA.jar;D:\Programming Tools\Maven\maven-repository\net\bytebuddy\byte-buddy\1.10.19\byte-buddy-1.10.19.jar;D:\Programming Tools\Maven\maven-repository\antlr\antlr\2.7.7\antlr-2.7.7.jar;D:\Programming Tools\Maven\maven-repository\org\jboss\jandex\2.1.3.Final\jandex-2.1.3.Final.jar;D:\Programming Tools\Maven\maven-repository\org\dom4j\dom4j\2.1.3\dom4j-2.1.3.jar;D:\Programming Tools\Maven\maven-repository\org\hibernate\common\hibernate-commons-annotations\5.1.2.Final\hibernate-commons-annotations-5.1.2.Final.jar;D:\Programming Tools\Maven\maven-repository\org\glassfish\jaxb\jaxb-runtime\2.3.3\jaxb-runtime-2.3.3.jar;D:\Programming Tools\Maven\maven-repository\org\glassfish\jaxb\txw2\2.3.3\txw2-2.3.3.jar;D:\Programming Tools\Maven\maven-repository\com\sun\istack\istack-commons-runtime\3.0.11\istack-commons-runtime-3.0.11.jar;D:\Programming Tools\Maven\maven-repository\org\springframework\data\spring-data-jpa\2.4.3\spring-data-jpa-2.4.3.jar;D:\Programming Tools\Maven\maven-repository\org\springframework\data\spring-data-commons\2.4.3\spring-data-commons-2.4.3.jar;D:\Programming Tools\Maven\maven-repository\org\springframework\spring-orm\5.3.3\spring-orm-5.3.3.jar;D:\Programming Tools\Maven\maven-repository\org\springframework\spring-beans\5.3.3\spring-beans-5.3.3.jar;D:\Programming Tools\Maven\maven-repository\org\springframework\spring-aspects\5.3.3\spring-aspects-5.3.3.jar;D:\Programming Tools\Maven\maven-repository\org\springframework\boot\spring-boot-starter-web\2.4.2\spring-boot-starter-web-2.4.2.jar;D:\Programming Tools\Maven\maven-repository\org\springframework\boot\spring-boot-starter\2.4.2\spring-boot-starter-2.4.2.jar;D:\Programming Tools\Maven\maven-repository\org\springframework\boot\spring-boot-starter-logging\2.4.2\spring-boot-starter-logging-2.4.2.jar;D:\Programming Tools\Maven\maven-repository\ch\qos\logback\logback-classic\1.2.3\logback-classic-1.2.3.jar;D:\Programming Tools\Maven\maven-repository\ch\qos\logback\logback-core\1.2.3\logback-core-1.2.3.jar;D:\Programming Tools\Maven\maven-repository\org\apache\logging\log4j\log4j-to-slf4j\2.13.3\log4j-to-slf4j-2.13.3.jar;D:\Programming Tools\Maven\maven-repository\org\apache\logging\log4j\log4j-api\2.13.3\log4j-api-2.13.3.jar;D:\Programming Tools\Maven\maven-repository\org\slf4j\jul-to-slf4j\1.7.30\jul-to-slf4j-1.7.30.jar;D:\Programming Tools\Maven\maven-repository\jakarta\annotation\jakarta.annotation-api\1.3.5\jakarta.annotation-api-1.3.5.jar;D:\Programming Tools\Maven\maven-repository\org\yaml\snakeyaml\1.27\snakeyaml-1.27.jar;D:\Programming Tools\Maven\maven-repository\org\springframework\boot\spring-boot-starter-json\2.4.2\spring-boot-starter-json-2.4.2.jar;D:\Programming Tools\Maven\maven-repository\com\fasterxml\jackson\core\jackson-databind\2.11.4\jackson-databind-2.11.4.jar;D:\Programming Tools\Maven\maven-repository\com\fasterxml\jackson\core\jackson-core\2.11.4\jackson-core-2.11.4.jar;D:\Programming Tools\Maven\maven-repository\com\fasterxml\jackson\datatype\jackson-datatype-jdk8\2.11.4\jackson-datatype-jdk8-2.11.4.jar;D:\Programming Tools\Maven\maven-repository\com\fasterxml\jackson\datatype\jackson-datatype-jsr310\2.11.4\jackson-datatype-jsr310-2.11.4.jar;D:\Programming Tools\Maven\maven-repository\com\fasterxml\jackson\module\jackson-module-parameter-names\2.11.4\jackson-module-parameter-names-2.11.4.jar;D:\Programming Tools\Maven\maven-repository\org\springframework\boot\spring-boot-starter-tomcat\2.4.2\spring-boot-starter-tomcat-2.4.2.jar;D:\Programming Tools\Maven\maven-repository\org\apache\tomcat\embed\tomcat-embed-core\9.0.41\tomcat-embed-core-9.0.41.jar;D:\Programming Tools\Maven\maven-repository\org\glassfish\jakarta.el\3.0.3\jakarta.el-3.0.3.jar;D:\Programming Tools\Maven\maven-repository\org\apache\tomcat\embed\tomcat-embed-websocket\9.0.41\tomcat-embed-websocket-9.0.41.jar;D:\Programming Tools\Maven\maven-repository\org\springframework\spring-web\5.3.3\spring-web-5.3.3.jar;D:\Programming Tools\Maven\maven-repository\org\springframework\spring-webmvc\5.3.3\spring-webmvc-5.3.3.jar;D:\Programming Tools\Maven\maven-repository\org\springframework\spring-expression\5.3.3\spring-expression-5.3.3.jar;D:\Programming Tools\Maven\maven-repository\io\springfox\springfox-swagger2\2.9.2\springfox-swagger2-2.9.2.jar;D:\Programming Tools\Maven\maven-repository\io\swagger\swagger-annotations\1.5.20\swagger-annotations-1.5.20.jar;D:\Programming Tools\Maven\maven-repository\io\swagger\swagger-models\1.5.20\swagger-models-1.5.20.jar;D:\Programming Tools\Maven\maven-repository\com\fasterxml\jackson\core\jackson-annotations\2.11.4\jackson-annotations-2.11.4.jar;D:\Programming Tools\Maven\maven-repository\io\springfox\springfox-spi\2.9.2\springfox-spi-2.9.2.jar;D:\Programming Tools\Maven\maven-repository\io\springfox\springfox-core\2.9.2\springfox-core-2.9.2.jar;D:\Programming Tools\Maven\maven-repository\io\springfox\springfox-schema\2.9.2\springfox-schema-2.9.2.jar;D:\Programming Tools\Maven\maven-repository\io\springfox\springfox-swagger-common\2.9.2\springfox-swagger-common-2.9.2.jar;D:\Programming Tools\Maven\maven-repository\io\springfox\springfox-spring-web\2.9.2\springfox-spring-web-2.9.2.jar;D:\Programming Tools\Maven\maven-repository\com\google\guava\guava\20.0\guava-20.0.jar;D:\Programming Tools\Maven\maven-repository\com\fasterxml\classmate\1.5.1\classmate-1.5.1.jar;D:\Programming Tools\Maven\maven-repository\org\slf4j\slf4j-api\1.7.30\slf4j-api-1.7.30.jar;D:\Programming Tools\Maven\maven-repository\org\springframework\plugin\spring-plugin-core\1.2.0.RELEASE\spring-plugin-core-1.2.0.RELEASE.jar;D:\Programming Tools\Maven\maven-repository\org\springframework\plugin\spring-plugin-metadata\1.2.0.RELEASE\spring-plugin-metadata-1.2.0.RELEASE.jar;D:\Programming Tools\Maven\maven-repository\org\mapstruct\mapstruct\1.2.0.Final\mapstruct-1.2.0.Final.jar;D:\Programming Tools\Maven\maven-repository\io\springfox\springfox-swagger-ui\2.9.2\springfox-swagger-ui-2.9.2.jar;D:\Programming Tools\Maven\maven-repository\org\springframework\boot\spring-boot-devtools\2.4.2\spring-boot-devtools-2.4.2.jar;D:\Programming Tools\Maven\maven-repository\org\springframework\boot\spring-boot\2.4.2\spring-boot-2.4.2.jar;D:\Programming Tools\Maven\maven-repository\org\springframework\boot\spring-boot-autoconfigure\2.4.2\spring-boot-autoconfigure-2.4.2.jar;D:\Programming Tools\Maven\maven-repository\org\springframework\boot\spring-boot-starter-test\2.4.2\spring-boot-starter-test-2.4.2.jar;D:\Programming Tools\Maven\maven-repository\org\springframework\boot\spring-boot-test\2.4.2\spring-boot-test-2.4.2.jar;D:\Programming Tools\Maven\maven-repository\org\springframework\boot\spring-boot-test-autoconfigure\2.4.2\spring-boot-test-autoconfigure-2.4.2.jar;D:\Programming Tools\Maven\maven-repository\com\jayway\jsonpath\json-path\2.4.0\json-path-2.4.0.jar;D:\Programming Tools\Maven\maven-repository\net\minidev\json-smart\2.3\json-smart-2.3.jar;D:\Programming Tools\Maven\maven-repository\net\minidev\accessors-smart\1.2\accessors-smart-1.2.jar;D:\Programming Tools\Maven\maven-repository\org\ow2\asm\asm\5.0.4\asm-5.0.4.jar;D:\Programming Tools\Maven\maven-repository\jakarta\xml\bind\jakarta.xml.bind-api\2.3.3\jakarta.xml.bind-api-2.3.3.jar;D:\Programming Tools\Maven\maven-repository\jakarta\activation\jakarta.activation-api\1.2.2\jakarta.activation-api-1.2.2.jar;D:\Programming Tools\Maven\maven-repository\org\assertj\assertj-core\3.18.1\assertj-core-3.18.1.jar;D:\Programming Tools\Maven\maven-repository\org\hamcrest\hamcrest\2.2\hamcrest-2.2.jar;D:\Programming Tools\Maven\maven-repository\org\junit\jupiter\junit-jupiter\5.7.0\junit-jupiter-5.7.0.jar;D:\Programming Tools\Maven\maven-repository\org\junit\jupiter\junit-jupiter-api\5.7.0\junit-jupiter-api-5.7.0.jar;D:\Programming Tools\Maven\maven-repository\org\apiguardian\apiguardian-api\1.1.0\apiguardian-api-1.1.0.jar;D:\Programming Tools\Maven\maven-repository\org\opentest4j\opentest4j\1.2.0\opentest4j-1.2.0.jar;D:\Programming Tools\Maven\maven-repository\org\junit\platform\junit-platform-commons\1.7.0\junit-platform-commons-1.7.0.jar;D:\Programming Tools\Maven\maven-repository\org\junit\jupiter\junit-jupiter-params\5.7.0\junit-jupiter-params-5.7.0.jar;D:\Programming Tools\Maven\maven-repository\org\junit\jupiter\junit-jupiter-engine\5.7.0\junit-jupiter-engine-5.7.0.jar;D:\Programming Tools\Maven\maven-repository\org\junit\platform\junit-platform-engine\1.7.0\junit-platform-engine-1.7.0.jar;D:\Programming Tools\Maven\maven-repository\org\mockito\mockito-core\3.6.28\mockito-core-3.6.28.jar;D:\Programming Tools\Maven\maven-repository\net\bytebuddy\byte-buddy-agent\1.10.19\byte-buddy-agent-1.10.19.jar;D:\Programming Tools\Maven\maven-repository\org\objenesis\objenesis\3.1\objenesis-3.1.jar;D:\Programming Tools\Maven\maven-repository\org\mockito\mockito-junit-jupiter\3.6.28\mockito-junit-jupiter-3.6.28.jar;D:\Programming Tools\Maven\maven-repository\org\skyscreamer\jsonassert\1.5.0\jsonassert-1.5.0.jar;D:\Programming Tools\Maven\maven-repository\com\vaadin\external\google\android-json\0.0.20131108.vaadin1\android-json-0.0.20131108.vaadin1.jar;D:\Programming Tools\Maven\maven-repository\org\springframework\spring-core\5.3.3\spring-core-5.3.3.jar;D:\Programming Tools\Maven\maven-repository\org\springframework\spring-jcl\5.3.3\spring-jcl-5.3.3.jar;D:\Programming Tools\Maven\maven-repository\org\springframework\spring-test\5.3.3\spring-test-5.3.3.jar;D:\Programming Tools\Maven\maven-repository\org\xmlunit\xmlunit-core\2.7.0\xmlunit-core-2.7.0.jar;D:\Programming Tools\Maven\maven-repository\com\alibaba\fastjson\1.2.56\fastjson-1.2.56.jar;D:\Programming Tools\Maven\maven-repository\org\apache\httpcomponents\httpclient\4.5.13\httpclient-4.5.13.jar;D:\Programming Tools\Maven\maven-repository\org\apache\httpcomponents\httpcore\4.4.14\httpcore-4.4.14.jar;D:\Programming Tools\Maven\maven-repository\commons-codec\commons-codec\1.15\commons-codec-1.15.jar;D:\Programming Tools\Maven\maven-repository\org\springframework\boot\spring-boot-starter-mail\2.4.2\spring-boot-starter-mail-2.4.2.jar;D:\Programming Tools\Maven\maven-repository\org\springframework\spring-context-support\5.3.3\spring-context-support-5.3.3.jar;D:\Programming Tools\Maven\maven-repository\com\sun\mail\jakarta.mail\1.6.5\jakarta.mail-1.6.5.jar;D:\Programming Tools\Maven\maven-repository\com\sun\activation\jakarta.activation\1.2.2\jakarta.activation-1.2.2.jar;D:\Programming Tools\Maven\maven-repository\org\springframework\boot\spring-boot-starter-websocket\2.4.2\spring-boot-starter-websocket-2.4.2.jar;D:\Programming Tools\Maven\maven-repository\org\springframework\spring-messaging\5.3.3\spring-messaging-5.3.3.jar;D:\Programming Tools\Maven\maven-repository\org\springframework\spring-websocket\5.3.3\spring-websocket-5.3.3.jar;D:\Programming Tools\Maven\maven-repository\org\springframework\kafka\spring-kafka\2.6.5\spring-kafka-2.6.5.jar;D:\Programming Tools\Maven\maven-repository\org\springframework\spring-context\5.3.3\spring-context-5.3.3.jar;D:\Programming Tools\Maven\maven-repository\org\springframework\spring-tx\5.3.3\spring-tx-5.3.3.jar;D:\Programming Tools\Maven\maven-repository\org\springframework\retry\spring-retry\1.3.1\spring-retry-1.3.1.jar;D:\Programming Tools\Maven\maven-repository\javax\annotation\javax.annotation-api\1.3.2\javax.annotation-api-1.3.2.jar;D:\Programming Tools\Maven\maven-repository\org\apache\kafka\kafka-clients\2.6.0\kafka-clients-2.6.0.jar;D:\Programming Tools\Maven\maven-repository\com\github\luben\zstd-jni\1.4.4-7\zstd-jni-1.4.4-7.jar;D:\Programming Tools\Maven\maven-repository\org\lz4\lz4-java\1.7.1\lz4-java-1.7.1.jar;D:\Programming Tools\Maven\maven-repository\org\xerial\snappy\snappy-java\1.1.7.3\snappy-java-1.1.7.3.jar;D:\Programming Tools\Maven\maven-repository\org\springframework\boot\spring-boot-starter-redis\1.4.1.RELEASE\spring-boot-starter-redis-1.4.1.RELEASE.jar;D:\Programming Tools\Maven\maven-repository\org\springframework\data\spring-data-redis\2.4.3\spring-data-redis-2.4.3.jar;D:\Programming Tools\Maven\maven-repository\org\springframework\data\spring-data-keyvalue\2.4.3\spring-data-keyvalue-2.4.3.jar;D:\Programming Tools\Maven\maven-repository\org\springframework\spring-oxm\5.3.3\spring-oxm-5.3.3.jar;D:\Programming Tools\Maven\maven-repository\redis\clients\jedis\3.3.0\jedis-3.3.0.jar;D:\Programming Tools\Maven\maven-repository\org\apache\commons\commons-pool2\2.9.0\commons-pool2-2.9.0.jar;"/>
    <property name="java.vm.vendor" value="Oracle Corporation"/>
    <property name="sun.arch.data.model" value="64"/>
    <property name="user.variant" value=""/>
    <property name="java.vendor.url" value="https://java.oracle.com/"/>
    <property name="user.timezone" value="America/New_York"/>
    <property name="os.name" value="Windows 10"/>
    <property name="java.vm.specification.version" value="15"/>
    <property name="sun.java.launcher" value="SUN_STANDARD"/>
    <property name="user.country" value="CN"/>
    <property name="sun.boot.library.path" value="D:\Programming Tools\JDK_SE_15.0\bin"/>
    <property name="sun.java.command" value="C:\Users\MENGZH~1\AppData\Local\Temp\surefire7940176854905000054\surefirebooter16347709014117547152.jar C:\Users\Meng Zhao\AppData\Local\Temp\surefire7940176854905000054 2022-01-31T15-48-59_399-jvmRun1 surefire12250258717208770731tmp surefire_018294209754709397892tmp"/>
    <property name="jdk.debug" value="release"/>
    <property name="surefire.test.class.path" value="D:\Blog\springmvcblog\springbootbackend\target\test-classes;D:\Blog\springmvcblog\springbootbackend\target\classes;D:\Programming Tools\Maven\maven-repository\mysql\mysql-connector-java\8.0.11\mysql-connector-java-8.0.11.jar;D:\Programming Tools\Maven\maven-repository\org\springframework\boot\spring-boot-starter-data-jpa\2.4.2\spring-boot-starter-data-jpa-2.4.2.jar;D:\Programming Tools\Maven\maven-repository\org\springframework\boot\spring-boot-starter-aop\2.4.2\spring-boot-starter-aop-2.4.2.jar;D:\Programming Tools\Maven\maven-repository\org\springframework\spring-aop\5.3.3\spring-aop-5.3.3.jar;D:\Programming Tools\Maven\maven-repository\org\aspectj\aspectjweaver\1.9.6\aspectjweaver-1.9.6.jar;D:\Programming Tools\Maven\maven-repository\org\springframework\boot\spring-boot-starter-jdbc\2.4.2\spring-boot-starter-jdbc-2.4.2.jar;D:\Programming Tools\Maven\maven-repository\com\zaxxer\HikariCP\3.4.5\HikariCP-3.4.5.jar;D:\Programming Tools\Maven\maven-repository\org\springframework\spring-jdbc\5.3.3\spring-jdbc-5.3.3.jar;D:\Programming Tools\Maven\maven-repository\jakarta\transaction\jakarta.transaction-api\1.3.3\jakarta.transaction-api-1.3.3.jar;D:\Programming Tools\Maven\maven-repository\jakarta\persistence\jakarta.persistence-api\2.2.3\jakarta.persistence-api-2.2.3.jar;D:\Programming Tools\Maven\maven-repository\org\hibernate\hibernate-core\5.4.27.Final\hibernate-core-5.4.27.Final.jar;D:\Programming Tools\Maven\maven-repository\org\jboss\logging\jboss-logging\3.4.1.Final\jboss-logging-3.4.1.Final.jar;D:\Programming Tools\Maven\maven-repository\org\javassist\javassist\3.27.0-GA\javassist-3.27.0-GA.jar;D:\Programming Tools\Maven\maven-repository\net\bytebuddy\byte-buddy\1.10.19\byte-buddy-1.10.19.jar;D:\Programming Tools\Maven\maven-repository\antlr\antlr\2.7.7\antlr-2.7.7.jar;D:\Programming Tools\Maven\maven-repository\org\jboss\jandex\2.1.3.Final\jandex-2.1.3.Final.jar;D:\Programming Tools\Maven\maven-repository\org\dom4j\dom4j\2.1.3\dom4j-2.1.3.jar;D:\Programming Tools\Maven\maven-repository\org\hibernate\common\hibernate-commons-annotations\5.1.2.Final\hibernate-commons-annotations-5.1.2.Final.jar;D:\Programming Tools\Maven\maven-repository\org\glassfish\jaxb\jaxb-runtime\2.3.3\jaxb-runtime-2.3.3.jar;D:\Programming Tools\Maven\maven-repository\org\glassfish\jaxb\txw2\2.3.3\txw2-2.3.3.jar;D:\Programming Tools\Maven\maven-repository\com\sun\istack\istack-commons-runtime\3.0.11\istack-commons-runtime-3.0.11.jar;D:\Programming Tools\Maven\maven-repository\org\springframework\data\spring-data-jpa\2.4.3\spring-data-jpa-2.4.3.jar;D:\Programming Tools\Maven\maven-repository\org\springframework\data\spring-data-commons\2.4.3\spring-data-commons-2.4.3.jar;D:\Programming Tools\Maven\maven-repository\org\springframework\spring-orm\5.3.3\spring-orm-5.3.3.jar;D:\Programming Tools\Maven\maven-repository\org\springframework\spring-beans\5.3.3\spring-beans-5.3.3.jar;D:\Programming Tools\Maven\maven-repository\org\springframework\spring-aspects\5.3.3\spring-aspects-5.3.3.jar;D:\Programming Tools\Maven\maven-repository\org\springframework\boot\spring-boot-starter-web\2.4.2\spring-boot-starter-web-2.4.2.jar;D:\Programming Tools\Maven\maven-repository\org\springframework\boot\spring-boot-starter\2.4.2\spring-boot-starter-2.4.2.jar;D:\Programming Tools\Maven\maven-repository\org\springframework\boot\spring-boot-starter-logging\2.4.2\spring-boot-starter-logging-2.4.2.jar;D:\Programming Tools\Maven\maven-repository\ch\qos\logback\logback-classic\1.2.3\logback-classic-1.2.3.jar;D:\Programming Tools\Maven\maven-repository\ch\qos\logback\logback-core\1.2.3\logback-core-1.2.3.jar;D:\Programming Tools\Maven\maven-repository\org\apache\logging\log4j\log4j-to-slf4j\2.13.3\log4j-to-slf4j-2.13.3.jar;D:\Programming Tools\Maven\maven-repository\org\apache\logging\log4j\log4j-api\2.13.3\log4j-api-2.13.3.jar;D:\Programming Tools\Maven\maven-repository\org\slf4j\jul-to-slf4j\1.7.30\jul-to-slf4j-1.7.30.jar;D:\Programming Tools\Maven\maven-repository\jakarta\annotation\jakarta.annotation-api\1.3.5\jakarta.annotation-api-1.3.5.jar;D:\Programming Tools\Maven\maven-repository\org\yaml\snakeyaml\1.27\snakeyaml-1.27.jar;D:\Programming Tools\Maven\maven-repository\org\springframework\boot\spring-boot-starter-json\2.4.2\spring-boot-starter-json-2.4.2.jar;D:\Programming Tools\Maven\maven-repository\com\fasterxml\jackson\core\jackson-databind\2.11.4\jackson-databind-2.11.4.jar;D:\Programming Tools\Maven\maven-repository\com\fasterxml\jackson\core\jackson-core\2.11.4\jackson-core-2.11.4.jar;D:\Programming Tools\Maven\maven-repository\com\fasterxml\jackson\datatype\jackson-datatype-jdk8\2.11.4\jackson-datatype-jdk8-2.11.4.jar;D:\Programming Tools\Maven\maven-repository\com\fasterxml\jackson\datatype\jackson-datatype-jsr310\2.11.4\jackson-datatype-jsr310-2.11.4.jar;D:\Programming Tools\Maven\maven-repository\com\fasterxml\jackson\module\jackson-module-parameter-names\2.11.4\jackson-module-parameter-names-2.11.4.jar;D:\Programming Tools\Maven\maven-repository\org\springframework\boot\spring-boot-starter-tomcat\2.4.2\spring-boot-starter-tomcat-2.4.2.jar;D:\Programming Tools\Maven\maven-repository\org\apache\tomcat\embed\tomcat-embed-core\9.0.41\tomcat-embed-core-9.0.41.jar;D:\Programming Tools\Maven\maven-repository\org\glassfish\jakarta.el\3.0.3\jakarta.el-3.0.3.jar;D:\Programming Tools\Maven\maven-repository\org\apache\tomcat\embed\tomcat-embed-websocket\9.0.41\tomcat-embed-websocket-9.0.41.jar;D:\Programming Tools\Maven\maven-repository\org\springframework\spring-web\5.3.3\spring-web-5.3.3.jar;D:\Programming Tools\Maven\maven-repository\org\springframework\spring-webmvc\5.3.3\spring-webmvc-5.3.3.jar;D:\Programming Tools\Maven\maven-repository\org\springframework\spring-expression\5.3.3\spring-expression-5.3.3.jar;D:\Programming Tools\Maven\maven-repository\io\springfox\springfox-swagger2\2.9.2\springfox-swagger2-2.9.2.jar;D:\Programming Tools\Maven\maven-repository\io\swagger\swagger-annotations\1.5.20\swagger-annotations-1.5.20.jar;D:\Programming Tools\Maven\maven-repository\io\swagger\swagger-models\1.5.20\swagger-models-1.5.20.jar;D:\Programming Tools\Maven\maven-repository\com\fasterxml\jackson\core\jackson-annotations\2.11.4\jackson-annotations-2.11.4.jar;D:\Programming Tools\Maven\maven-repository\io\springfox\springfox-spi\2.9.2\springfox-spi-2.9.2.jar;D:\Programming Tools\Maven\maven-repository\io\springfox\springfox-core\2.9.2\springfox-core-2.9.2.jar;D:\Programming Tools\Maven\maven-repository\io\springfox\springfox-schema\2.9.2\springfox-schema-2.9.2.jar;D:\Programming Tools\Maven\maven-repository\io\springfox\springfox-swagger-common\2.9.2\springfox-swagger-common-2.9.2.jar;D:\Programming Tools\Maven\maven-repository\io\springfox\springfox-spring-web\2.9.2\springfox-spring-web-2.9.2.jar;D:\Programming Tools\Maven\maven-repository\com\google\guava\guava\20.0\guava-20.0.jar;D:\Programming Tools\Maven\maven-repository\com\fasterxml\classmate\1.5.1\classmate-1.5.1.jar;D:\Programming Tools\Maven\maven-repository\org\slf4j\slf4j-api\1.7.30\slf4j-api-1.7.30.jar;D:\Programming Tools\Maven\maven-repository\org\springframework\plugin\spring-plugin-core\1.2.0.RELEASE\spring-plugin-core-1.2.0.RELEASE.jar;D:\Programming Tools\Maven\maven-repository\org\springframework\plugin\spring-plugin-metadata\1.2.0.RELEASE\spring-plugin-metadata-1.2.0.RELEASE.jar;D:\Programming Tools\Maven\maven-repository\org\mapstruct\mapstruct\1.2.0.Final\mapstruct-1.2.0.Final.jar;D:\Programming Tools\Maven\maven-repository\io\springfox\springfox-swagger-ui\2.9.2\springfox-swagger-ui-2.9.2.jar;D:\Programming Tools\Maven\maven-repository\org\springframework\boot\spring-boot-devtools\2.4.2\spring-boot-devtools-2.4.2.jar;D:\Programming Tools\Maven\maven-repository\org\springframework\boot\spring-boot\2.4.2\spring-boot-2.4.2.jar;D:\Programming Tools\Maven\maven-repository\org\springframework\boot\spring-boot-autoconfigure\2.4.2\spring-boot-autoconfigure-2.4.2.jar;D:\Programming Tools\Maven\maven-repository\org\springframework\boot\spring-boot-starter-test\2.4.2\spring-boot-starter-test-2.4.2.jar;D:\Programming Tools\Maven\maven-repository\org\springframework\boot\spring-boot-test\2.4.2\spring-boot-test-2.4.2.jar;D:\Programming Tools\Maven\maven-repository\org\springframework\boot\spring-boot-test-autoconfigure\2.4.2\spring-boot-test-autoconfigure-2.4.2.jar;D:\Programming Tools\Maven\maven-repository\com\jayway\jsonpath\json-path\2.4.0\json-path-2.4.0.jar;D:\Programming Tools\Maven\maven-repository\net\minidev\json-smart\2.3\json-smart-2.3.jar;D:\Programming Tools\Maven\maven-repository\net\minidev\accessors-smart\1.2\accessors-smart-1.2.jar;D:\Programming Tools\Maven\maven-repository\org\ow2\asm\asm\5.0.4\asm-5.0.4.jar;D:\Programming Tools\Maven\maven-repository\jakarta\xml\bind\jakarta.xml.bind-api\2.3.3\jakarta.xml.bind-api-2.3.3.jar;D:\Programming Tools\Maven\maven-repository\jakarta\activation\jakarta.activation-api\1.2.2\jakarta.activation-api-1.2.2.jar;D:\Programming Tools\Maven\maven-repository\org\assertj\assertj-core\3.18.1\assertj-core-3.18.1.jar;D:\Programming Tools\Maven\maven-repository\org\hamcrest\hamcrest\2.2\hamcrest-2.2.jar;D:\Programming Tools\Maven\maven-repository\org\junit\jupiter\junit-jupiter\5.7.0\junit-jupiter-5.7.0.jar;D:\Programming Tools\Maven\maven-repository\org\junit\jupiter\junit-jupiter-api\5.7.0\junit-jupiter-api-5.7.0.jar;D:\Programming Tools\Maven\maven-repository\org\apiguardian\apiguardian-api\1.1.0\apiguardian-api-1.1.0.jar;D:\Programming Tools\Maven\maven-repository\org\opentest4j\opentest4j\1.2.0\opentest4j-1.2.0.jar;D:\Programming Tools\Maven\maven-repository\org\junit\platform\junit-platform-commons\1.7.0\junit-platform-commons-1.7.0.jar;D:\Programming Tools\Maven\maven-repository\org\junit\jupiter\junit-jupiter-params\5.7.0\junit-jupiter-params-5.7.0.jar;D:\Programming Tools\Maven\maven-repository\org\junit\jupiter\junit-jupiter-engine\5.7.0\junit-jupiter-engine-5.7.0.jar;D:\Programming Tools\Maven\maven-repository\org\junit\platform\junit-platform-engine\1.7.0\junit-platform-engine-1.7.0.jar;D:\Programming Tools\Maven\maven-repository\org\mockito\mockito-core\3.6.28\mockito-core-3.6.28.jar;D:\Programming Tools\Maven\maven-repository\net\bytebuddy\byte-buddy-agent\1.10.19\byte-buddy-agent-1.10.19.jar;D:\Programming Tools\Maven\maven-repository\org\objenesis\objenesis\3.1\objenesis-3.1.jar;D:\Programming Tools\Maven\maven-repository\org\mockito\mockito-junit-jupiter\3.6.28\mockito-junit-jupiter-3.6.28.jar;D:\Programming Tools\Maven\maven-repository\org\skyscreamer\jsonassert\1.5.0\jsonassert-1.5.0.jar;D:\Programming Tools\Maven\maven-repository\com\vaadin\external\google\android-json\0.0.20131108.vaadin1\android-json-0.0.20131108.vaadin1.jar;D:\Programming Tools\Maven\maven-repository\org\springframework\spring-core\5.3.3\spring-core-5.3.3.jar;D:\Programming Tools\Maven\maven-repository\org\springframework\spring-jcl\5.3.3\spring-jcl-5.3.3.jar;D:\Programming Tools\Maven\maven-repository\org\springframework\spring-test\5.3.3\spring-test-5.3.3.jar;D:\Programming Tools\Maven\maven-repository\org\xmlunit\xmlunit-core\2.7.0\xmlunit-core-2.7.0.jar;D:\Programming Tools\Maven\maven-repository\com\alibaba\fastjson\1.2.56\fastjson-1.2.56.jar;D:\Programming Tools\Maven\maven-repository\org\apache\httpcomponents\httpclient\4.5.13\httpclient-4.5.13.jar;D:\Programming Tools\Maven\maven-repository\org\apache\httpcomponents\httpcore\4.4.14\httpcore-4.4.14.jar;D:\Programming Tools\Maven\maven-repository\commons-codec\commons-codec\1.15\commons-codec-1.15.jar;D:\Programming Tools\Maven\maven-repository\org\springframework\boot\spring-boot-starter-mail\2.4.2\spring-boot-starter-mail-2.4.2.jar;D:\Programming Tools\Maven\maven-repository\org\springframework\spring-context-support\5.3.3\spring-context-support-5.3.3.jar;D:\Programming Tools\Maven\maven-repository\com\sun\mail\jakarta.mail\1.6.5\jakarta.mail-1.6.5.jar;D:\Programming Tools\Maven\maven-repository\com\sun\activation\jakarta.activation\1.2.2\jakarta.activation-1.2.2.jar;D:\Programming Tools\Maven\maven-repository\org\springframework\boot\spring-boot-starter-websocket\2.4.2\spring-boot-starter-websocket-2.4.2.jar;D:\Programming Tools\Maven\maven-repository\org\springframework\spring-messaging\5.3.3\spring-messaging-5.3.3.jar;D:\Programming Tools\Maven\maven-repository\org\springframework\spring-websocket\5.3.3\spring-websocket-5.3.3.jar;D:\Programming Tools\Maven\maven-repository\org\springframework\kafka\spring-kafka\2.6.5\spring-kafka-2.6.5.jar;D:\Programming Tools\Maven\maven-repository\org\springframework\spring-context\5.3.3\spring-context-5.3.3.jar;D:\Programming Tools\Maven\maven-repository\org\springframework\spring-tx\5.3.3\spring-tx-5.3.3.jar;D:\Programming Tools\Maven\maven-repository\org\springframework\retry\spring-retry\1.3.1\spring-retry-1.3.1.jar;D:\Programming Tools\Maven\maven-repository\javax\annotation\javax.annotation-api\1.3.2\javax.annotation-api-1.3.2.jar;D:\Programming Tools\Maven\maven-repository\org\apache\kafka\kafka-clients\2.6.0\kafka-clients-2.6.0.jar;D:\Programming Tools\Maven\maven-repository\com\github\luben\zstd-jni\1.4.4-7\zstd-jni-1.4.4-7.jar;D:\Programming Tools\Maven\maven-repository\org\lz4\lz4-java\1.7.1\lz4-java-1.7.1.jar;D:\Programming Tools\Maven\maven-repository\org\xerial\snappy\snappy-java\1.1.7.3\snappy-java-1.1.7.3.jar;D:\Programming Tools\Maven\maven-repository\org\springframework\boot\spring-boot-starter-redis\1.4.1.RELEASE\spring-boot-starter-redis-1.4.1.RELEASE.jar;D:\Programming Tools\Maven\maven-repository\org\springframework\data\spring-data-redis\2.4.3\spring-data-redis-2.4.3.jar;D:\Programming Tools\Maven\maven-repository\org\springframework\data\spring-data-keyvalue\2.4.3\spring-data-keyvalue-2.4.3.jar;D:\Programming Tools\Maven\maven-repository\org\springframework\spring-oxm\5.3.3\spring-oxm-5.3.3.jar;D:\Programming Tools\Maven\maven-repository\redis\clients\jedis\3.3.0\jedis-3.3.0.jar;D:\Programming Tools\Maven\maven-repository\org\apache\commons\commons-pool2\2.9.0\commons-pool2-2.9.0.jar;"/>
    <property name="sun.cpu.endian" value="little"/>
    <property name="user.home" value="C:\Users\Meng Zhao"/>
    <property name="user.language" value="zh"/>
    <property name="java.specification.vendor" value="Oracle Corporation"/>
    <property name="java.version.date" value="2020-10-20"/>
    <property name="java.home" value="D:\Programming Tools\JDK_SE_15.0"/>
    <property name="file.separator" value="\"/>
    <property name="basedir" value="D:\Blog\springmvcblog\springbootbackend"/>
    <property name="java.vm.compressedOopsMode" value="Zero based"/>
    <property name="line.separator" value="&#10;"/>
    <property name="java.vm.specification.vendor" value="Oracle Corporation"/>
    <property name="java.specification.name" value="Java Platform API Specification"/>
    <property name="surefire.real.class.path" value="C:\Users\MENGZH~1\AppData\Local\Temp\surefire7940176854905000054\surefirebooter16347709014117547152.jar"/>
    <property name="user.script" value=""/>
    <property name="sun.management.compiler" value="HotSpot 64-Bit Tiered Compilers"/>
    <property name="java.runtime.version" value="15.0.1+9-18"/>
    <property name="user.name" value="Meng Zhao"/>
    <property name="path.separator" value=";"/>
    <property name="os.version" value="10.0"/>
    <property name="java.runtime.name" value="Java(TM) SE Runtime Environment"/>
    <property name="file.encoding" value="GBK"/>
    <property name="java.vm.name" value="Java HotSpot(TM) 64-Bit Server VM"/>
    <property name="localRepository" value="D:\Programming Tools\Maven\maven-repository"/>
    <property name="java.vendor.url.bug" value="https://bugreport.java.com/bugreport/"/>
    <property name="java.io.tmpdir" value="C:\Users\MENGZH~1\AppData\Local\Temp\"/>
    <property name="idea.version" value="2020.3.1"/>
    <property name="java.version" value="15.0.1"/>
    <property name="user.dir" value="D:\Blog\springmvcblog\springbootbackend"/>
    <property name="os.arch" value="amd64"/>
    <property name="java.vm.specification.name" value="Java Virtual Machine Specification"/>
    <property name="sun.os.patch.level" value=""/>
    <property name="java.library.path" value="D:\Programming Tools\JDK_SE_15.0\bin;C:\Windows\Sun\Java\bin;C:\Windows\system32;C:\Windows;C:\Program Files\Common Files\Oracle\Java\javapath;D:\VMWare\bin\;C:\Windows\system32;C:\Windows;C:\Windows\System32\Wbem;C:\Windows\System32\WindowsPowerShell\v1.0\;C:\Windows\System32\OpenSSH\;C:\Program Files (x86)\NVIDIA Corporation\PhysX\Common;C:\Program Files\NVIDIA Corporation\NVIDIA NvDLISR;C:\Program Files\MiKTeX\miktex\bin\x64\;C:\Strawberry\c\bin;C:\Strawberry\perl\site\bin;C:\Strawberry\perl\bin;D:\Programming Tools\Nodejs;D:\Programming Tools\Git\Git\cmd;D:\UWaterloo\2021Winter\ECE657A\graphvi\Graphviz\bin;D:\Programming Tools\Maven\apache-maven-3.6.3\bin;D:\Programming Tools\MySQL\mysql-utilities\;D:\CppCompiler\mingw64\bin;C:\Users\Meng Zhao\AppData\Roaming\npm;D:\Programming Tools\putty\;&quot;%JAVA_HOME%\bin;&quot;;C:\Users\Meng Zhao\AppData\Local\Programs\Python\Python39\Scripts\;C:\Users\Meng Zhao\AppData\Local\Programs\Python\Python39\;%USERPROFILE%\AppData\Local\Microsoft\WindowsApps;D:\Microsoft VS Code\bin;C:\Program Files\MiKTeX\miktex\bin\x64;C:\Strawberry\c\bin;C:\Strawberry\perl\site\bin;C:\Strawberry\perl\bin;%PyCharm Community Edition%;%WebStorm%;%IntelliJ IDEA%;D:\Programming Tools\MySQL\mysql-8.0.11-winx64\bin;%MVN_HOME%\bin;C:\Users\Meng Zhao\AppData\Roaming\npm;D:\QQ Game\QQGameTempest\Hall.57675\;."/>
    <property name="java.vm.info" value="mixed mode, sharing"/>
    <property name="java.vendor" value="Oracle Corporation"/>
    <property name="java.vm.version" value="15.0.1+9-18"/>
    <property name="sun.io.unicode.encoding" value="UnicodeLittle"/>
    <property name="java.class.version" value="59.0"/>
  </properties>
  <testcase name="contextLoads" classname="com.example.blog.BlogApplicationTests" time="0.275"/>
</testsuite>